# JRE version: Java(TM) SE Runtime Environment (8.0_221-b11) (build 1.8.0_221-b11)
# Java VM: Java HotSpot(TM) 64-Bit Server VM (25.221-b11 mixed mode bsd-amd64 compressed oops)
Heap:
 PSYoungGen      total 152576K, used 59224K [0x000000076ab00000, 0x0000000777380000, 0x00000007c0000000)
  eden space 141824K, 41% used [0x000000076ab00000,0x000000076e4d6330,0x0000000773580000)
  from space 10752K, 0% used [0x0000000774280000,0x0000000774280000,0x0000000774d00000)
  to   space 13312K, 0% used [0x0000000773580000,0x0000000773580000,0x0000000774280000)
 ParOldGen       total 163840K, used 17327K [0x00000006c0000000, 0x00000006ca000000, 0x000000076ab00000)
  object space 163840K, 10% used [0x00000006c0000000,0x00000006c10ebd10,0x00000006ca000000)
 Metaspace       used 36569K, capacity 38534K, committed 38696K, reserved 1083392K
  class space    used 4719K, capacity 5100K, committed 5168K, reserved 1048576K
GC Heap History (10 events):
Event: 2.263 GC heap before
{Heap before GC invocations=4 (full 1):
 PSYoungGen      total 76288K, used 7539K [0x000000076ab00000, 0x0000000774000000, 0x00000007c0000000)
  eden space 65536K, 0% used [0x000000076ab00000,0x000000076ab00000,0x000000076eb00000)
  from space 10752K, 70% used [0x000000076eb00000,0x000000076f25cd58,0x000000076f580000)
  to   space 10752K, 0% used [0x0000000773580000,0x0000000773580000,0x0000000774000000)
 ParOldGen       total 175104K, used 58K [0x00000006c0000000, 0x00000006cab00000, 0x000000076ab00000)
  object space 175104K, 0% used [0x00000006c0000000,0x00000006c000e808,0x00000006cab00000)
 Metaspace       used 20316K, capacity 21238K, committed 21296K, reserved 1067008K
  class space    used 2625K, capacity 2850K, committed 2864K, reserved 1048576K
Event: 2.294 GC heap after
Heap after GC invocations=4 (full 1):
 PSYoungGen      total 76288K, used 0K [0x000000076ab00000, 0x0000000774000000, 0x00000007c0000000)
  eden space 65536K, 0% used [0x000000076ab00000,0x000000076ab00000,0x000000076eb00000)
  from space 10752K, 0% used [0x000000076eb00000,0x000000076eb00000,0x000000076f580000)
  to   space 10752K, 0% used [0x0000000773580000,0x0000000773580000,0x0000000774000000)
 ParOldGen       total 106496K, used 7318K [0x00000006c0000000, 0x00000006c6800000, 0x000000076ab00000)
  object space 106496K, 6% used [0x00000006c0000000,0x00000006c0725868,0x00000006c6800000)
 Metaspace       used 20314K, capacity 21232K, committed 21296K, reserved 1067008K
  class space    used 2624K, capacity 2849K, committed 2864K, reserved 1048576K
}
Event: 2.746 GC heap before
{Heap before GC invocations=5 (full 1):
 PSYoungGen      total 76288K, used 65536K [0x000000076ab00000, 0x0000000774000000, 0x00000007c0000000)
  eden space 65536K, 100% used [0x000000076ab00000,0x000000076eb00000,0x000000076eb00000)
  from space 10752K, 0% used [0x000000076eb00000,0x000000076eb00000,0x000000076f580000)
  to   space 10752K, 0% used [0x0000000773580000,0x0000000773580000,0x0000000774000000)
 ParOldGen       total 106496K, used 7318K [0x00000006c0000000, 0x00000006c6800000, 0x000000076ab00000)
  object space 106496K, 6% used [0x00000006c0000000,0x00000006c0725868,0x00000006c6800000)
 Metaspace       used 24666K, capacity 26156K, committed 26288K, reserved 1073152K
  class space    used 3210K, capacity 3498K, committed 3504K, reserved 1048576K
Event: 2.752 GC heap after
Heap after GC invocations=5 (full 1):
 PSYoungGen      total 104448K, used 6473K [0x000000076ab00000, 0x0000000773c00000, 0x00000007c0000000)
  eden space 97792K, 0% used [0x000000076ab00000,0x000000076ab00000,0x0000000770a80000)
  from space 6656K, 97% used [0x0000000773580000,0x0000000773bd2710,0x0000000773c00000)
  to   space 10752K, 0% used [0x0000000772700000,0x0000000772700000,0x0000000773180000)
 ParOldGen       total 106496K, used 7326K [0x00000006c0000000, 0x00000006c6800000, 0x000000076ab00000)
  object space 106496K, 6% used [0x00000006c0000000,0x00000006c0727868,0x00000006c6800000)
 Metaspace       used 24666K, capacity 26156K, committed 26288K, reserved 1073152K
  class space    used 3210K, capacity 3498K, committed 3504K, reserved 1048576K
}
Event: 3.444 GC heap before
{Heap before GC invocations=6 (full 1):
 PSYoungGen      total 104448K, used 104265K [0x000000076ab00000, 0x0000000773c00000, 0x00000007c0000000)
  eden space 97792K, 100% used [0x000000076ab00000,0x0000000770a80000,0x0000000770a80000)
  from space 6656K, 97% used [0x0000000773580000,0x0000000773bd2710,0x0000000773c00000)
  to   space 10752K, 0% used [0x0000000772700000,0x0000000772700000,0x0000000773180000)
 ParOldGen       total 106496K, used 7326K [0x00000006c0000000, 0x00000006c6800000, 0x000000076ab00000)
  object space 106496K, 6% used [0x00000006c0000000,0x00000006c0727868,0x00000006c6800000)
 Metaspace       used 29766K, capacity 31622K, committed 31792K, reserved 1077248K
  class space    used 3923K, capacity 4305K, committed 4400K, reserved 1048576K
Event: 3.451 GC heap after
Heap after GC invocations=6 (full 1):
 PSYoungGen      total 137728K, used 9086K [0x000000076ab00000, 0x0000000774d00000, 0x00000007c0000000)
  eden space 126976K, 0% used [0x000000076ab00000,0x000000076ab00000,0x0000000772700000)
  from space 10752K, 84% used [0x0000000772700000,0x0000000772fdfaf0,0x0000000773180000)
  to   space 10752K, 0% used [0x0000000774280000,0x0000000774280000,0x0000000774d00000)
 ParOldGen       total 106496K, used 7334K [0x00000006c0000000, 0x00000006c6800000, 0x000000076ab00000)
  object space 106496K, 6% used [0x00000006c0000000,0x00000006c0729868,0x00000006c6800000)
 Metaspace       used 29766K, capacity 31622K, committed 31792K, reserved 1077248K
  class space    used 3923K, capacity 4305K, committed 4400K, reserved 1048576K
}
Event: 32.667 GC heap before
{Heap before GC invocations=7 (full 1):
 PSYoungGen      total 137728K, used 93648K [0x000000076ab00000, 0x0000000774d00000, 0x00000007c0000000)
  eden space 126976K, 66% used [0x000000076ab00000,0x000000076fd946d0,0x0000000772700000)
  from space 10752K, 84% used [0x0000000772700000,0x0000000772fdfaf0,0x0000000773180000)
  to   space 10752K, 0% used [0x0000000774280000,0x0000000774280000,0x0000000774d00000)
 ParOldGen       total 106496K, used 7334K [0x00000006c0000000, 0x00000006c6800000, 0x000000076ab00000)
  object space 106496K, 6% used [0x00000006c0000000,0x00000006c0729868,0x00000006c6800000)
 Metaspace       used 33500K, capacity 35482K, committed 35496K, reserved 1079296K
  class space    used 4392K, capacity 4772K, committed 4784K, reserved 1048576K
Event: 32.677 GC heap after
Heap after GC invocations=7 (full 1):
 PSYoungGen      total 152576K, used 10743K [0x000000076ab00000, 0x0000000777380000, 0x00000007c0000000)
  eden space 141824K, 0% used [0x000000076ab00000,0x000000076ab00000,0x0000000773580000)
  from space 10752K, 99% used [0x0000000774280000,0x0000000774cfdc80,0x0000000774d00000)
  to   space 13312K, 0% used [0x0000000773580000,0x0000000773580000,0x0000000774280000)
 ParOldGen       total 106496K, used 9784K [0x00000006c0000000, 0x00000006c6800000, 0x000000076ab00000)
  object space 106496K, 9% used [0x00000006c0000000,0x00000006c098e0d0,0x00000006c6800000)
 Metaspace       used 33500K, capacity 35482K, committed 35496K, reserved 1079296K
  class space    used 4392K, capacity 4772K, committed 4784K, reserved 1048576K
}
Event: 32.677 GC heap before
{Heap before GC invocations=8 (full 2):
 PSYoungGen      total 152576K, used 10743K [0x000000076ab00000, 0x0000000777380000, 0x00000007c0000000)
  eden space 141824K, 0% used [0x000000076ab00000,0x000000076ab00000,0x0000000773580000)
  from space 10752K, 99% used [0x0000000774280000,0x0000000774cfdc80,0x0000000774d00000)
  to   space 13312K, 0% used [0x0000000773580000,0x0000000773580000,0x0000000774280000)
 ParOldGen       total 106496K, used 9784K [0x00000006c0000000, 0x00000006c6800000, 0x000000076ab00000)
  object space 106496K, 9% used [0x00000006c0000000,0x00000006c098e0d0,0x00000006c6800000)
 Metaspace       used 33500K, capacity 35482K, committed 35496K, reserved 1079296K
  class space    used 4392K, capacity 4772K, committed 4784K, reserved 1048576K
Event: 32.747 GC heap after
Heap after GC invocations=8 (full 2):
 PSYoungGen      total 152576K, used 0K [0x000000076ab00000, 0x0000000777380000, 0x00000007c0000000)
  eden space 141824K, 0% used [0x000000076ab00000,0x000000076ab00000,0x0000000773580000)
  from space 10752K, 0% used [0x0000000774280000,0x0000000774280000,0x0000000774d00000)
  to   space 13312K, 0% used [0x0000000773580000,0x0000000773580000,0x0000000774280000)
 ParOldGen       total 163840K, used 17327K [0x00000006c0000000, 0x00000006ca000000, 0x000000076ab00000)
  object space 163840K, 10% used [0x00000006c0000000,0x00000006c10ebd10,0x00000006ca000000)
 Metaspace       used 33500K, capacity 35482K, committed 35496K, reserved 1079296K
  class space    used 4392K, capacity 4772K, committed 4784K, reserved 1048576K
}

